<?xml version="1.0" encoding="UTF-8"?>
<!-- Generated by org.testng.reporters.JUnitXMLReporter -->
<testsuite ignored="0" hostname="Shyam_Why" failures="1" tests="1" name="Default test" time="8.076" errors="0" timestamp="2022-09-02T12:31:38 NZST">
  <testcase classname="io.cucumber.testng.AbstractTestNGCucumberTests" name="runScenario" time="7.252">
    <failure type="io.cucumber.java.PendingException" message="TODO: implement me">
      <![CDATA[io.cucumber.java.PendingException: TODO: implement me
at steps.PayeeSteps.i_see_message(PayeeSteps.java:47)
at ✽.I see "Payee is Added" message.(file:///C:/TestingProjects/DatacomNZ/feature/Payees.feature:15)
]]>
    </failure>
  </testcase> <!-- runScenario -->
</testsuite> <!-- Default test -->
