<?xml version="1.0" encoding="UTF-8"?>
<testng-results ignored="0" total="1" passed="1" failed="0" skipped="0">
  <reporter-output>
  </reporter-output>
  <suite started-at="2022-09-02T18:59:22 NZST" name="runner.TestRunner" finished-at="2022-09-02T18:59:31 NZST" duration-ms="8783">
    <groups>
      <group name="cucumber">
        <method signature="AbstractTestNGCucumberTests.runScenario(io.cucumber.testng.PickleWrapper,io.cucumber.testng.FeatureWrapper)[pri:0, instance:runner.TestRunner@6aaceffd]" name="runScenario" class="io.cucumber.testng.AbstractTestNGCucumberTests"/>
      </group> <!-- cucumber -->
    </groups>
    <test started-at="2022-09-02T18:59:22 NZST" name="Command line test" finished-at="2022-09-02T18:59:31 NZST" duration-ms="8783">
      <class name="runner.TestRunner">
        <test-method is-config="true" signature="setUpClass(org.testng.ITestContext)[pri:0, instance:runner.TestRunner@6aaceffd]" started-at="2022-09-02T18:59:22 NZST" name="setUpClass" finished-at="2022-09-02T18:59:23 NZST" duration-ms="762" status="PASS">
          <params>
            <param index="0">
              <value>
                <![CDATA[org.testng.TestRunner@7d21852b]]>
              </value>
            </param>
          </params>
          <reporter-output>
          </reporter-output>
        </test-method> <!-- setUpClass -->
        <test-method signature="runScenario(io.cucumber.testng.PickleWrapper,io.cucumber.testng.FeatureWrapper)[pri:0, instance:runner.TestRunner@6aaceffd]" started-at="2022-09-02T18:59:23 NZST" name="runScenario" description="Runs Cucumber Scenarios" data-provider="scenarios" finished-at="2022-09-02T18:59:31 NZST" duration-ms="7937" status="PASS">
          <params>
            <param index="0">
              <value>
                <![CDATA["Verify Payee name is a mandatory field"]]>
              </value>
            </param>
            <param index="1">
              <value>
                <![CDATA["Test Scenarios for Payee"]]>
              </value>
            </param>
          </params>
          <reporter-output>
          </reporter-output>
        </test-method> <!-- runScenario -->
        <test-method is-config="true" signature="tearDownClass()[pri:0, instance:runner.TestRunner@6aaceffd]" started-at="2022-09-02T18:59:31 NZST" name="tearDownClass" finished-at="2022-09-02T18:59:31 NZST" duration-ms="37" status="PASS">
          <reporter-output>
          </reporter-output>
        </test-method> <!-- tearDownClass -->
      </class> <!-- runner.TestRunner -->
    </test> <!-- Command line test -->
  </suite> <!-- runner.TestRunner -->
</testng-results>
