<?xml version="1.0" encoding="UTF-8"?>
<testng-results ignored="0" total="1" passed="0" failed="1" skipped="0">
  <reporter-output>
  </reporter-output>
  <suite started-at="2022-09-01T19:17:28 NZST" name="runner.TestRunner" finished-at="2022-09-01T19:17:37 NZST" duration-ms="9218">
    <groups>
      <group name="cucumber">
        <method signature="AbstractTestNGCucumberTests.runScenario(io.cucumber.testng.PickleWrapper,io.cucumber.testng.FeatureWrapper)[pri:0, instance:runner.TestRunner@6aaceffd]" name="runScenario" class="io.cucumber.testng.AbstractTestNGCucumberTests"/>
      </group> <!-- cucumber -->
    </groups>
    <test started-at="2022-09-01T19:17:28 NZST" name="Command line test" finished-at="2022-09-01T19:17:37 NZST" duration-ms="9218">
      <class name="runner.TestRunner">
        <test-method is-config="true" signature="setUpClass(org.testng.ITestContext)[pri:0, instance:runner.TestRunner@6aaceffd]" started-at="2022-09-01T19:17:28 NZST" name="setUpClass" finished-at="2022-09-01T19:17:28 NZST" duration-ms="684" status="PASS">
          <params>
            <param index="0">
              <value>
                <![CDATA[org.testng.TestRunner@4fdca00a]]>
              </value>
            </param>
          </params>
          <reporter-output>
          </reporter-output>
        </test-method> <!-- setUpClass -->
        <test-method signature="runScenario(io.cucumber.testng.PickleWrapper,io.cucumber.testng.FeatureWrapper)[pri:0, instance:runner.TestRunner@6aaceffd]" started-at="2022-09-01T19:17:28 NZST" name="runScenario" description="Runs Cucumber Scenarios" data-provider="scenarios" finished-at="2022-09-01T19:17:37 NZST" duration-ms="8404" status="FAIL">
          <params>
            <param index="0">
              <value>
                <![CDATA["Verify user is navigated to Payee Page from navigation Menu"]]>
              </value>
            </param>
            <param index="1">
              <value>
                <![CDATA["Test Scenarios for Payee"]]>
              </value>
            </param>
          </params>
          <exception class="io.cucumber.java.PendingException">
            <message>
              <![CDATA[TODO: implement me]]>
            </message>
            <full-stacktrace>
              <![CDATA[io.cucumber.java.PendingException: TODO: implement me
at steps.PayeeSteps.payees_page_is_loaded(PayeeSteps.java:29)
at ✽.Payees page is loaded(file:///C:/TestingProjects/DatacomNZ/feature/Payees.feature:10)
]]>
            </full-stacktrace>
          </exception> <!-- io.cucumber.java.PendingException -->
          <reporter-output>
          </reporter-output>
        </test-method> <!-- runScenario -->
        <test-method is-config="true" signature="tearDownClass()[pri:0, instance:runner.TestRunner@6aaceffd]" started-at="2022-09-01T19:17:37 NZST" name="tearDownClass" finished-at="2022-09-01T19:17:37 NZST" duration-ms="97" status="PASS">
          <reporter-output>
          </reporter-output>
        </test-method> <!-- tearDownClass -->
      </class> <!-- runner.TestRunner -->
    </test> <!-- Command line test -->
  </suite> <!-- runner.TestRunner -->
</testng-results>
