<?xml version="1.0" encoding="UTF-8" ?>
<testsuite tests="1" failures="1" name="runner.TestRunner" time="8.403" errors="0" skipped="0">
  <properties>
[...]
</properties>
  <testcase classname="runner.TestRunner" name="runScenario" time="8.403">
    <failure message="TODO: implement me" type="io.cucumber.java.PendingException">io.cucumber.java.PendingException: TODO: implement me
	at steps.PayeeSteps.payees_page_is_loaded(PayeeSteps.java:29)
	at ✽.Payees page is loaded(file:///C:/TestingProjects/DatacomNZ/feature/Payees.feature:10)
</failure>
    <system-out>Configuring TestNG with: org.apache.maven.surefire.testng.conf.TestNG652Configurator@543c6f6d

@tag
Scenario: Verify user is navigated to Payee Page from navigation Menu &amp;#27;[90m# feature/Payees.feature:9&amp;#27;[0m
  &amp;#27;[32mGiven &amp;#27;[0m&amp;#27;[32mI launch bnz home page&amp;#27;[0m                                        &amp;#27;[90m# steps.PayeeSteps.i_launch_bnz_home_page()&amp;#27;[0m
  &amp;#27;[32mWhen &amp;#27;[0m&amp;#27;[32mI click on MenuButton&amp;#27;[0m                                          &amp;#27;[90m# steps.PayeeSteps.i_click_on_menu_button()&amp;#27;[0m
  &amp;#27;[32mWhen &amp;#27;[0m&amp;#27;[32mI click on Payee option&amp;#27;[0m                                        &amp;#27;[90m# steps.PayeeSteps.i_click_on_payee_option()&amp;#27;[0m
  &amp;#27;[33mThen &amp;#27;[0m&amp;#27;[33mPayees page is loaded&amp;#27;[0m                                          &amp;#27;[90m# steps.PayeeSteps.payees_page_is_loaded()&amp;#27;[0m
      &amp;#27;[33mio.cucumber.java.PendingException: TODO: implement me
	at steps.PayeeSteps.payees_page_is_loaded(PayeeSteps.java:29)
	at ✽.Payees page is loaded(file:///C:/TestingProjects/DatacomNZ/feature/Payees.feature:10)
&amp;#27;[0m
</system-out>
    <system-err>SLF4J: Failed to load class &quot;org.slf4j.impl.StaticLoggerBinder&quot;.
SLF4J: Defaulting to no-operation (NOP) logger implementation
SLF4J: See http://www.slf4j.org/codes.html#StaticLoggerBinder for further details.
Starting ChromeDriver 105.0.5195.52 (412c95e518836d8a7d97250d62b29c2ae6a26a85-refs/branch-heads/5195@{#853}) on port 56733
Only local connections are allowed.
Please see https://chromedriver.chromium.org/security-considerations for suggestions on keeping ChromeDriver safe.
ChromeDriver was started successfully.
Sep 01, 2022 7:17:30 PM org.openqa.selenium.remote.ProtocolHandshake createSession
INFO: Detected upstream dialect: W3C
Sep 01, 2022 7:17:31 PM org.openqa.selenium.devtools.CdpVersionFinder findNearestMatch
WARNING: Unable to find an exact match for CDP version 105, so returning the closest version found: 104
Sep 01, 2022 7:17:31 PM org.openqa.selenium.devtools.CdpVersionFinder findNearestMatch
INFO: Found CDP implementation for version 105 of 104
</system-err>
  </testcase>
</testsuite>