<?xml version="1.0" encoding="UTF-8"?>
<testng-results ignored="0" total="1" passed="0" failed="1" skipped="0">
  <reporter-output>
  </reporter-output>
  <suite started-at="2022-09-02T12:31:30 NZST" name="Default suite" finished-at="2022-09-02T12:31:38 NZST" duration-ms="8076">
    <groups>
      <group name="cucumber">
        <method signature="AbstractTestNGCucumberTests.runScenario(io.cucumber.testng.PickleWrapper,io.cucumber.testng.FeatureWrapper)[pri:0, instance:runner.TestRunner@11392934]" name="runScenario" class="io.cucumber.testng.AbstractTestNGCucumberTests"/>
      </group> <!-- cucumber -->
    </groups>
    <test started-at="2022-09-02T12:31:30 NZST" name="Default test" finished-at="2022-09-02T12:31:38 NZST" duration-ms="8076">
      <class name="runner.TestRunner">
        <test-method is-config="true" signature="setUpClass(org.testng.ITestContext)[pri:0, instance:runner.TestRunner@11392934]" started-at="2022-09-02T12:31:30 NZST" name="setUpClass" finished-at="2022-09-02T12:31:30 NZST" duration-ms="596" status="PASS">
          <params>
            <param index="0">
              <value>
                <![CDATA[org.testng.TestRunner@69d3cf7e]]>
              </value>
            </param>
          </params>
          <reporter-output>
          </reporter-output>
        </test-method> <!-- setUpClass -->
        <test-method signature="runScenario(io.cucumber.testng.PickleWrapper,io.cucumber.testng.FeatureWrapper)[pri:0, instance:runner.TestRunner@11392934]" started-at="2022-09-02T12:31:30 NZST" name="runScenario" description="Runs Cucumber Scenarios" data-provider="scenarios" finished-at="2022-09-02T12:31:38 NZST" duration-ms="7252" status="FAIL">
          <params>
            <param index="0">
              <value>
                <![CDATA["Verify user can add new payee in the payeepage"]]>
              </value>
            </param>
            <param index="1">
              <value>
                <![CDATA["Test Scenarios for Payee"]]>
              </value>
            </param>
          </params>
          <exception class="io.cucumber.java.PendingException">
            <message>
              <![CDATA[TODO: implement me]]>
            </message>
            <full-stacktrace>
              <![CDATA[io.cucumber.java.PendingException: TODO: implement me
at steps.PayeeSteps.i_see_message(PayeeSteps.java:47)
at ✽.I see "Payee is Added" message.(file:///C:/TestingProjects/DatacomNZ/feature/Payees.feature:15)
]]>
            </full-stacktrace>
          </exception> <!-- io.cucumber.java.PendingException -->
          <reporter-output>
          </reporter-output>
        </test-method> <!-- runScenario -->
        <test-method is-config="true" signature="tearDownClass()[pri:0, instance:runner.TestRunner@11392934]" started-at="2022-09-02T12:31:38 NZST" name="tearDownClass" finished-at="2022-09-02T12:31:38 NZST" duration-ms="177" status="PASS">
          <reporter-output>
          </reporter-output>
        </test-method> <!-- tearDownClass -->
      </class> <!-- runner.TestRunner -->
    </test> <!-- Default test -->
  </suite> <!-- Default suite -->
</testng-results>
