<?xml version="1.0" encoding="UTF-8"?>
<testng-results ignored="0" total="0" passed="0" failed="0" skipped="0">
  <reporter-output>
  </reporter-output>
  <suite started-at="2022-09-01T15:20:27 NZST" name="Default suite" finished-at="2022-09-01T15:20:27 NZST" duration-ms="618">
    <groups>
      <group name="cucumber">
        <method signature="AbstractTestNGCucumberTests.runScenario(io.cucumber.testng.PickleWrapper,io.cucumber.testng.FeatureWrapper)[pri:0, instance:runner.TestRunner@2cf3d63b]" name="runScenario" class="io.cucumber.testng.AbstractTestNGCucumberTests"/>
      </group> <!-- cucumber -->
    </groups>
    <test started-at="2022-09-01T15:20:27 NZST" name="Default test" finished-at="2022-09-01T15:20:27 NZST" duration-ms="618">
      <class name="runner.TestRunner">
        <test-method is-config="true" signature="setUpClass(org.testng.ITestContext)[pri:0, instance:runner.TestRunner@2cf3d63b]" started-at="2022-09-01T15:20:27 NZST" name="setUpClass" finished-at="2022-09-01T15:20:27 NZST" duration-ms="540" status="PASS">
          <params>
            <param index="0">
              <value>
                <![CDATA[org.testng.TestRunner@4e4efc1b]]>
              </value>
            </param>
          </params>
          <reporter-output>
          </reporter-output>
        </test-method> <!-- setUpClass -->
        <test-method is-config="true" signature="tearDownClass()[pri:0, instance:runner.TestRunner@2cf3d63b]" started-at="2022-09-01T15:20:27 NZST" name="tearDownClass" finished-at="2022-09-01T15:20:27 NZST" duration-ms="34" status="PASS">
          <reporter-output>
          </reporter-output>
        </test-method> <!-- tearDownClass -->
      </class> <!-- runner.TestRunner -->
    </test> <!-- Default test -->
  </suite> <!-- Default suite -->
</testng-results>
