<?xml version="1.0" encoding="UTF-8"?>
<!-- Generated by org.testng.reporters.JUnitReportReporter -->
<testsuite hostname="Shyam_Why" failures="0" tests="1" name="runner.TestRunner" time="7.252" errors="1" timestamp="2022-09-02T12:31:38 NZST" skipped="0">
  <testcase classname="runner.TestRunner" name="runScenario" time="7.252">
    <error message="TODO: implement me" type="io.cucumber.java.PendingException">
      <![CDATA[io.cucumber.java.PendingException: TODO: implement me
at steps.PayeeSteps.i_see_message(PayeeSteps.java:47)
at ✽.I see "Payee is Added" message.(file:///C:/TestingProjects/DatacomNZ/feature/Payees.feature:15)
]]>
    </error>
  </testcase> <!-- runScenario -->
  <system-out/>
</testsuite> <!-- runner.TestRunner -->
